# JRE version: Java(TM) SE Runtime Environment (17.0.12+8) (build 17.0.12+8-LTS-286)
# Java VM: Java HotSpot(TM) 64-Bit Server VM (17.0.12+8-LTS-286, mixed mode, sharing, tiered, compressed oops, compressed class ptrs, g1 gc, bsd-amd64)
GC Precious Log:
 CPUs: 12 total, 12 available
 Memory: 32768M
 Large Page Support: Disabled
 NUMA Support: Disabled
 Compressed Oops: Enabled (Zero based)
 Heap Region Size: 1M
 Heap Min Capacity: 8M
 Heap Initial Capacity: 512M
 Heap Max Capacity: 2G
 Pre-touch: Disabled
 Parallel Workers: 10
 Concurrent Workers: 3
 Concurrent Refinement Workers: 10
 Periodic GC: Disabled
Heap:
 garbage-first heap   total 310272K, used 85854K [0x0000000780000000, 0x0000000800000000)
  region size 1024K, 40 young (40960K), 2 survivors (2048K)
 Metaspace       used 45277K, committed 45888K, reserved 1114112K
  class space    used 6505K, committed 6784K, reserved 1048576K
GC Heap History (20 events):
Event: 0.469 GC heap before
{Heap before GC invocations=1 (full 0):
 garbage-first heap   total 526336K, used 50184K [0x0000000780000000, 0x0000000800000000)
  region size 1024K, 40 young (40960K), 4 survivors (4096K)
 Metaspace       used 4293K, committed 4480K, reserved 1114112K
  class space    used 543K, committed 640K, reserved 1048576K
}
Event: 0.471 GC heap after
{Heap after GC invocations=2 (full 0):
 garbage-first heap   total 526336K, used 15439K [0x0000000780000000, 0x0000000800000000)
  region size 1024K, 3 young (3072K), 3 survivors (3072K)
 Metaspace       used 4293K, committed 4480K, reserved 1114112K
  class space    used 543K, committed 640K, reserved 1048576K
}
Event: 1.551 GC heap before
{Heap before GC invocations=2 (full 0):
 garbage-first heap   total 526336K, used 131151K [0x0000000780000000, 0x0000000800000000)
  region size 1024K, 116 young (118784K), 3 survivors (3072K)
 Metaspace       used 21096K, committed 21440K, reserved 1114112K
  class space    used 3147K, committed 3328K, reserved 1048576K
}
Event: 1.555 GC heap after
{Heap after GC invocations=3 (full 0):
 garbage-first heap   total 526336K, used 24598K [0x0000000780000000, 0x0000000800000000)
  region size 1024K, 12 young (12288K), 12 survivors (12288K)
 Metaspace       used 21096K, committed 21440K, reserved 1114112K
  class space    used 3147K, committed 3328K, reserved 1048576K
}
Event: 1.562 GC heap before
{Heap before GC invocations=3 (full 0):
 garbage-first heap   total 526336K, used 24598K [0x0000000780000000, 0x0000000800000000)
  region size 1024K, 13 young (13312K), 12 survivors (12288K)
 Metaspace       used 21202K, committed 21504K, reserved 1114112K
  class space    used 3164K, committed 3328K, reserved 1048576K
}
Event: 1.567 GC heap after
{Heap after GC invocations=4 (full 0):
 garbage-first heap   total 526336K, used 25875K [0x0000000780000000, 0x0000000800000000)
  region size 1024K, 2 young (2048K), 2 survivors (2048K)
 Metaspace       used 21202K, committed 21504K, reserved 1114112K
  class space    used 3164K, committed 3328K, reserved 1048576K
}
Event: 1.946 GC heap before
{Heap before GC invocations=5 (full 0):
 garbage-first heap   total 96256K, used 84243K [0x0000000780000000, 0x0000000800000000)
  region size 1024K, 48 young (49152K), 2 survivors (2048K)
 Metaspace       used 26025K, committed 26432K, reserved 1114112K
  class space    used 3963K, committed 4160K, reserved 1048576K
}
Event: 1.948 GC heap after
{Heap after GC invocations=6 (full 0):
 garbage-first heap   total 96256K, used 39751K [0x0000000780000000, 0x0000000800000000)
  region size 1024K, 3 young (3072K), 3 survivors (3072K)
 Metaspace       used 26025K, committed 26432K, reserved 1114112K
  class space    used 3963K, committed 4160K, reserved 1048576K
}
Event: 1.955 GC heap before
{Heap before GC invocations=6 (full 0):
 garbage-first heap   total 96256K, used 40775K [0x0000000780000000, 0x0000000800000000)
  region size 1024K, 4 young (4096K), 3 survivors (3072K)
 Metaspace       used 26221K, committed 26624K, reserved 1114112K
  class space    used 3987K, committed 4160K, reserved 1048576K
}
Event: 1.957 GC heap after
{Heap after GC invocations=7 (full 0):
 garbage-first heap   total 96256K, used 40121K [0x0000000780000000, 0x0000000800000000)
  region size 1024K, 1 young (1024K), 1 survivors (1024K)
 Metaspace       used 26221K, committed 26624K, reserved 1114112K
  class space    used 3987K, committed 4160K, reserved 1048576K
}
Event: 2.234 GC heap before
{Heap before GC invocations=7 (full 0):
 garbage-first heap   total 96256K, used 72889K [0x0000000780000000, 0x0000000800000000)
  region size 1024K, 34 young (34816K), 1 survivors (1024K)
 Metaspace       used 32219K, committed 32640K, reserved 1114112K
  class space    used 4646K, committed 4864K, reserved 1048576K
}
Event: 2.235 GC heap after
{Heap after GC invocations=8 (full 0):
 garbage-first heap   total 96256K, used 43381K [0x0000000780000000, 0x0000000800000000)
  region size 1024K, 4 young (4096K), 4 survivors (4096K)
 Metaspace       used 32219K, committed 32640K, reserved 1114112K
  class space    used 4646K, committed 4864K, reserved 1048576K
}
Event: 2.374 GC heap before
{Heap before GC invocations=8 (full 0):
 garbage-first heap   total 96256K, used 74101K [0x0000000780000000, 0x0000000800000000)
  region size 1024K, 34 young (34816K), 4 survivors (4096K)
 Metaspace       used 33668K, committed 34112K, reserved 1114112K
  class space    used 4859K, committed 5056K, reserved 1048576K
}
Event: 2.376 GC heap after
{Heap after GC invocations=9 (full 0):
 garbage-first heap   total 96256K, used 45330K [0x0000000780000000, 0x0000000800000000)
  region size 1024K, 3 young (3072K), 3 survivors (3072K)
 Metaspace       used 33668K, committed 34112K, reserved 1114112K
  class space    used 4859K, committed 5056K, reserved 1048576K
}
Event: 2.502 GC heap before
{Heap before GC invocations=9 (full 0):
 garbage-first heap   total 96256K, used 60690K [0x0000000780000000, 0x0000000800000000)
  region size 1024K, 19 young (19456K), 3 survivors (3072K)
 Metaspace       used 35451K, committed 35968K, reserved 1114112K
  class space    used 5157K, committed 5440K, reserved 1048576K
}
Event: 2.503 GC heap after
{Heap after GC invocations=10 (full 0):
 garbage-first heap   total 96256K, used 46653K [0x0000000780000000, 0x0000000800000000)
  region size 1024K, 2 young (2048K), 2 survivors (2048K)
 Metaspace       used 35451K, committed 35968K, reserved 1114112K
  class space    used 5157K, committed 5440K, reserved 1048576K
}
Event: 2.638 GC heap before
{Heap before GC invocations=11 (full 0):
 garbage-first heap   total 96256K, used 64061K [0x0000000780000000, 0x0000000800000000)
  region size 1024K, 20 young (20480K), 2 survivors (2048K)
 Metaspace       used 37422K, committed 38016K, reserved 1114112K
  class space    used 5485K, committed 5760K, reserved 1048576K
}
Event: 2.639 GC heap after
{Heap after GC invocations=12 (full 0):
 garbage-first heap   total 96256K, used 47665K [0x0000000780000000, 0x0000000800000000)
  region size 1024K, 3 young (3072K), 3 survivors (3072K)
 Metaspace       used 37422K, committed 38016K, reserved 1114112K
  class space    used 5485K, committed 5760K, reserved 1048576K
}
Event: 2.820 GC heap before
{Heap before GC invocations=13 (full 0):
 garbage-first heap   total 96256K, used 74289K [0x0000000780000000, 0x0000000800000000)
  region size 1024K, 28 young (28672K), 3 survivors (3072K)
 Metaspace       used 41197K, committed 41792K, reserved 1114112K
  class space    used 5906K, committed 6208K, reserved 1048576K
}
Event: 2.822 GC heap after
{Heap after GC invocations=14 (full 0):
 garbage-first heap   total 310272K, used 47966K [0x0000000780000000, 0x0000000800000000)
  region size 1024K, 2 young (2048K), 2 survivors (2048K)
 Metaspace       used 41197K, committed 41792K, reserved 1114112K
  class space    used 5906K, committed 6208K, reserved 1048576K
}

