# JRE version: Java(TM) SE Runtime Environment (17.0.12+8) (build 17.0.12+8-LTS-286)
# Java VM: Java HotSpot(TM) 64-Bit Server VM (17.0.12+8-LTS-286, mixed mode, sharing, tiered, compressed oops, compressed class ptrs, g1 gc, bsd-amd64)
GC Precious Log:
 CPUs: 12 total, 12 available
 Memory: 32768M
 Large Page Support: Disabled
 NUMA Support: Disabled
 Compressed Oops: Enabled (Zero based)
 Heap Region Size: 1M
 Heap Min Capacity: 8M
 Heap Initial Capacity: 512M
 Heap Max Capacity: 2G
 Pre-touch: Disabled
 Parallel Workers: 10
 Concurrent Workers: 3
 Concurrent Refinement Workers: 10
 Periodic GC: Disabled
Heap:
 garbage-first heap   total 310272K, used 158965K [0x0000000780000000, 0x0000000800000000)
  region size 1024K, 109 young (111616K), 2 survivors (2048K)
 Metaspace       used 49484K, committed 50176K, reserved 1114112K
  class space    used 7167K, committed 7488K, reserved 1048576K
GC Heap History (16 events):
Event: 0.227 GC heap before
{Heap before GC invocations=0 (full 0):
 garbage-first heap   total 526336K, used 30680K [0x0000000780000000, 0x0000000800000000)
  region size 1024K, 25 young (25600K), 0 survivors (0K)
 Metaspace       used 2792K, committed 2944K, reserved 1114112K
  class space    used 338K, committed 384K, reserved 1048576K
}
Event: 0.230 GC heap after
{Heap after GC invocations=1 (full 0):
 garbage-first heap   total 526336K, used 11392K [0x0000000780000000, 0x0000000800000000)
  region size 1024K, 4 young (4096K), 4 survivors (4096K)
 Metaspace       used 2792K, committed 2944K, reserved 1114112K
  class space    used 338K, committed 384K, reserved 1048576K
}
Event: 0.371 GC heap before
{Heap before GC invocations=1 (full 0):
 garbage-first heap   total 526336K, used 50304K [0x0000000780000000, 0x0000000800000000)
  region size 1024K, 40 young (40960K), 4 survivors (4096K)
 Metaspace       used 4290K, committed 4480K, reserved 1114112K
  class space    used 542K, committed 640K, reserved 1048576K
}
Event: 0.373 GC heap after
{Heap after GC invocations=2 (full 0):
 garbage-first heap   total 526336K, used 16293K [0x0000000780000000, 0x0000000800000000)
  region size 1024K, 4 young (4096K), 4 survivors (4096K)
 Metaspace       used 4290K, committed 4480K, reserved 1114112K
  class space    used 542K, committed 640K, reserved 1048576K
}
Event: 1.363 GC heap before
{Heap before GC invocations=2 (full 0):
 garbage-first heap   total 526336K, used 130981K [0x0000000780000000, 0x0000000800000000)
  region size 1024K, 117 young (119808K), 4 survivors (4096K)
 Metaspace       used 21216K, committed 21504K, reserved 1114112K
  class space    used 3149K, committed 3264K, reserved 1048576K
}
Event: 1.369 GC heap after
{Heap after GC invocations=3 (full 0):
 garbage-first heap   total 526336K, used 24646K [0x0000000780000000, 0x0000000800000000)
  region size 1024K, 12 young (12288K), 12 survivors (12288K)
 Metaspace       used 21216K, committed 21504K, reserved 1114112K
  class space    used 3149K, committed 3264K, reserved 1048576K
}
Event: 1.808 GC heap before
{Heap before GC invocations=4 (full 0):
 garbage-first heap   total 92160K, used 75846K [0x0000000780000000, 0x0000000800000000)
  region size 1024K, 51 young (52224K), 12 survivors (12288K)
 Metaspace       used 25598K, committed 25984K, reserved 1114112K
  class space    used 3864K, committed 4032K, reserved 1048576K
}
Event: 1.813 GC heap after
{Heap after GC invocations=5 (full 0):
 garbage-first heap   total 95232K, used 40259K [0x0000000780000000, 0x0000000800000000)
  region size 1024K, 4 young (4096K), 4 survivors (4096K)
 Metaspace       used 25598K, committed 25984K, reserved 1114112K
  class space    used 3864K, committed 4032K, reserved 1048576K
}
Event: 2.051 GC heap before
{Heap before GC invocations=5 (full 0):
 garbage-first heap   total 95232K, used 68931K [0x0000000780000000, 0x0000000800000000)
  region size 1024K, 33 young (33792K), 4 survivors (4096K)
 Metaspace       used 30952K, committed 31360K, reserved 1114112K
  class space    used 4492K, committed 4672K, reserved 1048576K
}
Event: 2.053 GC heap after
{Heap after GC invocations=6 (full 0):
 garbage-first heap   total 95232K, used 42537K [0x0000000780000000, 0x0000000800000000)
  region size 1024K, 3 young (3072K), 3 survivors (3072K)
 Metaspace       used 30952K, committed 31360K, reserved 1114112K
  class space    used 4492K, committed 4672K, reserved 1048576K
}
Event: 2.196 GC heap before
{Heap before GC invocations=6 (full 0):
 garbage-first heap   total 95232K, used 71209K [0x0000000780000000, 0x0000000800000000)
  region size 1024K, 32 young (32768K), 3 survivors (3072K)
 Metaspace       used 33242K, committed 33728K, reserved 1114112K
  class space    used 4778K, committed 4992K, reserved 1048576K
}
Event: 2.198 GC heap after
{Heap after GC invocations=7 (full 0):
 garbage-first heap   total 95232K, used 45228K [0x0000000780000000, 0x0000000800000000)
  region size 1024K, 3 young (3072K), 3 survivors (3072K)
 Metaspace       used 33242K, committed 33728K, reserved 1114112K
  class space    used 4778K, committed 4992K, reserved 1048576K
}
Event: 2.392 GC heap before
{Heap before GC invocations=7 (full 0):
 garbage-first heap   total 95232K, used 70828K [0x0000000780000000, 0x0000000800000000)
  region size 1024K, 29 young (29696K), 3 survivors (3072K)
 Metaspace       used 35463K, committed 35968K, reserved 1114112K
  class space    used 5129K, committed 5376K, reserved 1048576K
}
Event: 2.394 GC heap after
{Heap after GC invocations=8 (full 0):
 garbage-first heap   total 95232K, used 47160K [0x0000000780000000, 0x0000000800000000)
  region size 1024K, 3 young (3072K), 3 survivors (3072K)
 Metaspace       used 35463K, committed 35968K, reserved 1114112K
  class space    used 5129K, committed 5376K, reserved 1048576K
}
Event: 2.547 GC heap before
{Heap before GC invocations=9 (full 0):
 garbage-first heap   total 95232K, used 66616K [0x0000000780000000, 0x0000000800000000)
  region size 1024K, 24 young (24576K), 3 survivors (3072K)
 Metaspace       used 37591K, committed 38144K, reserved 1114112K
  class space    used 5497K, committed 5760K, reserved 1048576K
}
Event: 2.549 GC heap after
{Heap after GC invocations=10 (full 0):
 garbage-first heap   total 310272K, used 48373K [0x0000000780000000, 0x0000000800000000)
  region size 1024K, 2 young (2048K), 2 survivors (2048K)
 Metaspace       used 37591K, committed 38144K, reserved 1114112K
  class space    used 5497K, committed 5760K, reserved 1048576K
}

